#
# There is insufficient memory for the Java Runtime Environment to continue.
# Native memory allocation (malloc) failed to allocate 1048576 bytes for AllocateHeap
# Possible reasons:
#   The system is out of physical RAM or swap space
#   The process is running with CompressedOops enabled, and the Java Heap may be blocking the growth of the native heap
# Possible solutions:
#   Reduce memory load on the system
#   Increase physical memory or swap space
#   Check if swap backing store is full
#   Decrease Java heap size (-Xmx/-Xms)
#   Decrease number of Java threads
#   Decrease Java thread stack sizes (-Xss)
#   Set larger code cache with -XX:ReservedCodeCacheSize=
#   JVM is running with Unscaled Compressed Oops mode in which the Java heap is
#     placed in the first 4GB address space. The Java Heap base address is the
#     maximum limit for the native heap growth. Please use -XX:HeapBaseMinAddress
#     to set the Java Heap base and to place the Java Heap above 4GB virtual address.
# This output file may be truncated or incomplete.
#
#  Out of Memory Error (allocation.cpp:44), pid=8244, tid=6236
#
# JRE version:  (19.0.1+10) (build )
# Java VM: Java HotSpot(TM) 64-Bit Server VM (19.0.1+10-21, mixed mode, sharing, tiered, compressed oops, compressed class ptrs, g1 gc, windows-amd64)
# No core dump will be written. Minidumps are not enabled by default on client versions of Windows
#

---------------  S U M M A R Y ------------

Command Line: --enable-preview -XX:+ShowCodeDetailsInExceptionMessages Sample

Host: 11th Gen Intel(R) Core(TM) i5-1135G7 @ 2.40GHz, 8 cores, 7G,  Windows 11 , 64 bit Build 22621 (10.0.22621.1105)
Time: Mon Feb 13 11:48:57 2023  Windows 11 , 64 bit Build 22621 (10.0.22621.1105) elapsed time: 0.013342 seconds (0d 0h 0m 0s)

---------------  T H R E A D  ---------------

Current thread (0x000002956a5f7ab0):  JavaThread "Unknown thread" [_thread_in_vm, id=6236, stack(0x0000009aa7700000,0x0000009aa7800000)]

Stack: [0x0000009aa7700000,0x0000009aa7800000]
Native frames: (J=compiled Java code, j=interpreted, Vv=VM code, C=native code)
V  [jvm.dll+0x6ee8fa]
V  [jvm.dll+0x857a1e]
V  [jvm.dll+0x85940e]
V  [jvm.dll+0x859ac3]
V  [jvm.dll+0x28291f]
V  [jvm.dll+0xc40eb]
V  [jvm.dll+0x335479]
V  [jvm.dll+0x32d574]
V  [jvm.dll+0x821b20]
V  [jvm.dll+0x3c27c1]
V  [jvm.dll+0x8022f1]
V  [jvm.dll+0x44b30f]
V  [jvm.dll+0x44cc91]
C  [jli.dll+0x5287]
C  [ucrtbase.dll+0x29363]
C  [KERNEL32.DLL+0x126bd]
C  [ntdll.dll+0x5dfb8]


---------------  P R O C E S S  ---------------

Threads class SMR info:
_java_thread_list=0x00007ff8f823d048, length=0, elements={
}

Java Threads: ( => current thread )

Other Threads:
  0x000002956a657f90 WorkerThread "GC Thread#0" [stack: 0x0000009aa7800000,0x0000009aa7900000] [id=4824]

[error occurred during error reporting (printing all threads), id 0xc0000005, EXCEPTION_ACCESS_VIOLATION (0xc0000005) at pc=0x00007ff8f79fa630]

VM state: not at safepoint (not fully initialized)

VM Mutex/Monitor currently owned by a thread:  ([mutex/lock_event])
[0x000002956a5f3df0] Heap_lock - owner thread: 0x000002956a5f7ab0

Heap address: 0x0000000084a00000, size: 1974 MB, Compressed Oops mode: 32-bit

CDS archive(s) mapped at: [0x0000000000000000-0x0000000000000000-0x0000000000000000), size 0, SharedBaseAddress: 0x0000000800000000, ArchiveRelocationMode: 0.
Narrow klass base: 0x0000000000000000, Narrow klass shift: 0, Narrow klass range: 0x0

GC Precious Log:
 CardTable entry size: 512
 Card Set container configuration: InlinePtr #cards 5 size 8 Array Of Cards #cards 12 size 40 Howl #buckets 4 coarsen threshold 1843 Howl Bitmap #cards 512 size 80 coarsen threshold 460 Card regions per heap region 1 cards per card region 2048

Heap:
 garbage-first heap   total 0K, used 0K [0x0000000084a00000, 0x0000000100000000)
  region size 1024K, 0 young (0K), 0 survivors (0K)

[error occurred during error reporting (printing heap information), id 0xc0000005, EXCEPTION_ACCESS_VIOLATION (0xc0000005) at pc=0x00007ff8f7e06959]

GC Heap History (0 events):
No events

Dll operation events (1 events):
Event: 0.008 Loaded shared library C:\Program Files\Java\jdk-19\bin\java.dll

Deoptimization events (0 events):
No events

Classes loaded (0 events):
No events

Classes unloaded (0 events):
No events

Classes redefined (0 events):
No events

Internal exceptions (0 events):
No events

VM Operations (0 events):
No events

Events (0 events):
No events


Dynamic libraries:
0x00007ff6a0900000 - 0x00007ff6a0910000 	C:\Program Files\Java\jdk-19\bin\java.exe
0x00007ff936370000 - 0x00007ff936584000 	C:\WINDOWS\SYSTEM32\ntdll.dll
0x00007ff934560000 - 0x00007ff934623000 	C:\WINDOWS\System32\KERNEL32.DLL
0x00007ff933dc0000 - 0x00007ff93415d000 	C:\WINDOWS\System32\KERNELBASE.dll
0x00007ff933800000 - 0x00007ff933911000 	C:\WINDOWS\System32\ucrtbase.dll
0x00007ff92ed10000 - 0x00007ff92ed2b000 	C:\Program Files\Java\jdk-19\bin\VCRUNTIME140.dll
0x00007ff92ed30000 - 0x00007ff92ed48000 	C:\Program Files\Java\jdk-19\bin\jli.dll
0x00007ff935160000 - 0x00007ff93520e000 	C:\WINDOWS\System32\ADVAPI32.dll
0x00007ff9341d0000 - 0x00007ff934277000 	C:\WINDOWS\System32\msvcrt.dll
0x00007ff935310000 - 0x00007ff9353b4000 	C:\WINDOWS\System32\sechost.dll
0x00007ff934380000 - 0x00007ff934495000 	C:\WINDOWS\System32\RPCRT4.dll
0x00007ff934630000 - 0x00007ff9347dd000 	C:\WINDOWS\System32\USER32.dll
0x00007ff933b50000 - 0x00007ff933b76000 	C:\WINDOWS\System32\win32u.dll
0x00007ff91b280000 - 0x00007ff91b50e000 	C:\WINDOWS\WinSxS\amd64_microsoft.windows.common-controls_6595b64144ccf1df_6.0.22621.608_none_a9444ca7c10bb01d\COMCTL32.dll
0x00007ff934970000 - 0x00007ff934999000 	C:\WINDOWS\System32\GDI32.dll
0x00007ff933ca0000 - 0x00007ff933db2000 	C:\WINDOWS\System32\gdi32full.dll
0x00007ff933b80000 - 0x00007ff933c1a000 	C:\WINDOWS\System32\msvcp_win.dll
0x00007ff92b610000 - 0x00007ff92b61a000 	C:\WINDOWS\SYSTEM32\VERSION.dll
0x00007ff934dc0000 - 0x00007ff934df2000 	C:\WINDOWS\System32\IMM32.DLL
0x00007ff92ed90000 - 0x00007ff92ed9c000 	C:\Program Files\Java\jdk-19\bin\vcruntime140_1.dll
0x00007ff918e60000 - 0x00007ff918eee000 	C:\Program Files\Java\jdk-19\bin\msvcp140.dll
0x00007ff8f76c0000 - 0x00007ff8f8380000 	C:\Program Files\Java\jdk-19\bin\server\jvm.dll
0x00007ff914550000 - 0x00007ff914559000 	C:\WINDOWS\SYSTEM32\WSOCK32.dll
0x00007ff9203e0000 - 0x00007ff920414000 	C:\WINDOWS\SYSTEM32\WINMM.dll
0x00007ff934f30000 - 0x00007ff934fa1000 	C:\WINDOWS\System32\WS2_32.dll
0x00007ff9328d0000 - 0x00007ff9328e8000 	C:\WINDOWS\SYSTEM32\kernel.appcore.dll
0x00007ff92e480000 - 0x00007ff92e48a000 	C:\Program Files\Java\jdk-19\bin\jimage.dll
0x00007ff931160000 - 0x00007ff93138e000 	C:\WINDOWS\SYSTEM32\DBGHELP.DLL
0x00007ff934a30000 - 0x00007ff934dba000 	C:\WINDOWS\System32\combase.dll
0x00007ff9347e0000 - 0x00007ff9348b7000 	C:\WINDOWS\System32\OLEAUT32.dll
0x00007ff914d60000 - 0x00007ff914d92000 	C:\WINDOWS\SYSTEM32\dbgcore.DLL
0x00007ff933c20000 - 0x00007ff933c9b000 	C:\WINDOWS\System32\bcryptPrimitives.dll
0x00007ff91e630000 - 0x00007ff91e656000 	C:\Program Files\Java\jdk-19\bin\java.dll

dbghelp: loaded successfully - version: 4.0.5 - missing functions: none
symbol engine: initialized successfully - sym options: 0x614 - pdb path: .;C:\Program Files\Java\jdk-19\bin;C:\WINDOWS\SYSTEM32;C:\WINDOWS\WinSxS\amd64_microsoft.windows.common-controls_6595b64144ccf1df_6.0.22621.608_none_a9444ca7c10bb01d;C:\Program Files\Java\jdk-19\bin\server

VM Arguments:
jvm_args: --enable-preview -XX:+ShowCodeDetailsInExceptionMessages 
java_command: Sample
java_class_path (initial): C:\Users\gurur\AppData\Roaming\Code\User\workspaceStorage\84a346e3ce12d2f1739947b509628442\redhat.java\jdt_ws\AMF_1789773c\bin
Launcher Type: SUN_STANDARD

[Global flags]
     intx CICompilerCount                          = 4                                         {product} {ergonomic}
     uint ConcGCThreads                            = 2                                         {product} {ergonomic}
     uint G1ConcRefinementThreads                  = 8                                         {product} {ergonomic}
   size_t G1HeapRegionSize                         = 1048576                                   {product} {ergonomic}
    uintx GCDrainStackTargetSize                   = 64                                        {product} {ergonomic}
   size_t InitialHeapSize                          = 130023424                                 {product} {ergonomic}
   size_t MarkStackSize                            = 4194304                                   {product} {ergonomic}
   size_t MaxHeapSize                              = 2069889024                                {product} {ergonomic}
   size_t MinHeapDeltaBytes                        = 1048576                                   {product} {ergonomic}
   size_t MinHeapSize                              = 8388608                                   {product} {ergonomic}
    uintx NonNMethodCodeHeapSize                   = 5839372                                {pd product} {ergonomic}
    uintx NonProfiledCodeHeapSize                  = 122909434                              {pd product} {ergonomic}
    uintx ProfiledCodeHeapSize                     = 122909434                              {pd product} {ergonomic}
    uintx ReservedCodeCacheSize                    = 251658240                              {pd product} {ergonomic}
     bool SegmentedCodeCache                       = true                                      {product} {ergonomic}
     bool ShowCodeDetailsInExceptionMessages       = true                                   {manageable} {command line}
   size_t SoftMaxHeapSize                          = 2069889024                             {manageable} {ergonomic}
     bool UseCompressedClassPointers               = true                           {product lp64_product} {ergonomic}
     bool UseCompressedOops                        = true                           {product lp64_product} {ergonomic}
     bool UseG1GC                                  = true                                      {product} {ergonomic}
     bool UseLargePagesIndividualAllocation        = false                                  {pd product} {ergonomic}

Logging:
Log output configuration:
 #0: stdout all=warning uptime,level,tags foldmultilines=false
 #1: stderr all=off uptime,level,tags foldmultilines=false

Environment Variables:
PATH=C:\Program Files\Common Files\Oracle\Java\javapath;C:\borland\bcc55\Bin;C:\jdk-17.0.2\bin;C:\WINDOWS\system32;C:\WINDOWS;C:\WINDOWS\System32\Wbem;C:\WINDOWS\System32\WindowsPowerShell\v1.0\;C:\WINDOWS\System32\OpenSSH\;C:\Program Files\PostgreSQL\11\bin;C:\Program Files\nodejs\;C:\xampp\php;C:\composer;C:\Users\gurur\AppData\Local\Microsoft\WindowsApps;C:\Users\gurur\AppData\Local\Programs\Microsoft VS Code\bin;C:\Users\gurur\AppData\Roaming\npm;C:\Users\gurur\AppData\Roaming\Composer\vendor\bin;C:\Program Files\Java\jdk-19\bin;
USERNAME=kbc12102164
LANG=ja_JP.UTF-8
OS=Windows_NT
PROCESSOR_IDENTIFIER=Intel64 Family 6 Model 140 Stepping 1, GenuineIntel
TMP=C:\Users\gurur\AppData\Local\Temp
TEMP=C:\Users\gurur\AppData\Local\Temp



---------------  S Y S T E M  ---------------

OS:
 Windows 11 , 64 bit Build 22621 (10.0.22621.1105)
OS uptime: 0 days 2:30 hours
Hyper-V role detected

CPU: total 8 (initial active 8) (4 cores per cpu, 2 threads per core) family 6 model 140 stepping 1 microcode 0x86, cx8, cmov, fxsr, ht, mmx, 3dnowpref, sse, sse2, sse3, ssse3, sse4.1, sse4.2, popcnt, lzcnt, tsc, tscinvbit, avx, avx2, aes, erms, clmul, bmi1, bmi2, adx, avx512f, avx512dq, avx512cd, avx512bw, avx512vl, sha, fma, vzeroupper, avx512_vpopcntdq, avx512_vpclmulqdq, avx512_vaes, avx512_vnni, clflush, clflushopt, clwb, avx512_vbmi2, avx512_vbmi, hv, rdtscp, rdpid, fsrm, gfni, avx512_bitalg

Memory: 4k page, system-wide physical 7894M (2806M free)
TotalPageFile size 7894M (AvailPageFile size 4M)
current process WorkingSet (physical memory assigned to process): 11M, peak: 11M
current process commit charge ("private bytes"): 53M, peak: 54M

vm_info: Java HotSpot(TM) 64-Bit Server VM (19.0.1+10-21) for windows-amd64 JRE (19.0.1+10-21), built on 2022-09-14T12:45:06Z by "mach5one" with MS VC++ 17.1 (VS2022)

END.
